<?xml version="1.0" encoding="UTF-8"?>
<!-- Generated by org.testng.reporters.JUnitXMLReporter -->
<testsuite hostname="DESKTOP-JM2QD95" ignored="0" name="Test" tests="4" failures="0" timestamp="2021-10-30T08:40:10 IST" time="114.923" errors="0">
  <testcase name="hompagenavigation" time="33.421" classname="Final_demo.HomePage"/>
  <testcase name="hompagenavigation" time="21.796" classname="Final_demo.HomePage"/>
  <testcase name="homepageallennavigation" time="22.678" classname="Final_demo.HomePageAllen"/>
  <testcase name="homepageallennavigation" time="36.906" classname="Final_demo.HomePageAllen"/>
</testsuite> <!-- Test -->
